<?xml version="1.0" encoding="UTF-8"?>
<!-- Generated by org.testng.reporters.JUnitReportReporter -->
<testsuite hostname="PISI-61C7H82-DX" name="testicles.testCase" tests="1" failures="0" timestamp="7 Sep 2016 12:27:23 GMT" time="13.227" errors="0">
  <testcase name="pageTest" time="13.227" classname="testicles.testCase"/>
</testsuite> <!-- testicles.testCase -->
