<?xml version="1.0" encoding="UTF-8"?>
<!-- Generated by org.testng.reporters.JUnitReportReporter -->
<testsuite hostname="PISI-61C7H82-DX" name="testGanern.testCase" tests="1" failures="0" timestamp="8 Sep 2016 03:43:29 GMT" time="19.240" errors="0">
  <testcase name="pageTest" time="19.240" classname="testGanern.testCase"/>
</testsuite> <!-- testGanern.testCase -->
